<html>
<head>
<title>TestNG:  Default test</title>
<link href="../testng.css" rel="stylesheet" type="text/css" />
<link href="../my-testng.css" rel="stylesheet" type="text/css" />

<style type="text/css">
.log { display: none;} 
.stack-trace { display: none;} 
</style>
<script type="text/javascript">
<!--
function flip(e) {
  current = e.style.display;
  if (current == 'block') {
    e.style.display = 'none';
    return 0;
  }
  else {
    e.style.display = 'block';
    return 1;
  }
}

function toggleBox(szDivId, elem, msg1, msg2)
{
  var res = -1;  if (document.getElementById) {
    res = flip(document.getElementById(szDivId));
  }
  else if (document.all) {
    // this is the way old msie versions work
    res = flip(document.all[szDivId]);
  }
  if(elem) {
    if(res == 0) elem.innerHTML = msg1; else elem.innerHTML = msg2;
  }

}

function toggleAllBoxes() {
  if (document.getElementsByTagName) {
    d = document.getElementsByTagName('div');
    for (i = 0; i < d.length; i++) {
      if (d[i].className == 'log') {
        flip(d[i]);
      }
    }
  }
}

// -->
</script>

</head>
<body>
<h2 align='center'>Default test</h2><table border='1' align="center">
<tr>
<td>Tests passed/Failed/Skipped:</td><td>22/4/0</td>
</tr><tr>
<td>Started on:</td><td>Fri Oct 18 13:25:25 CDT 2024</td>
</tr>
<tr><td>Total time:</td><td>19 seconds (19623 ms)</td>
</tr><tr>
<td>Included groups:</td><td></td>
</tr><tr>
<td>Excluded groups:</td><td></td>
</tr>
</table><p/>
<small><i>(Hover the method name to see the test class name)</i></small><p/>
<table width='100%' border='1' class='invocation-failed'>
<tr><td colspan='4' align='center'><b>FAILED TESTS</b></td></tr>
<tr><td><b>Test method</b></td>
<td><b>Attribute(s)</b></td>
<td width="30%"><b>Exception</b></td>
<td width="10%"><b>Time (seconds)</b></td>
<td><b>Instance</b></td>
</tr>
<tr>
<td title='runner.TestRunner.runScenario()'><b>runScenario</b><br>Test class: runner.TestRunner<br>Test method: Runs Cucumber Scenarios<br>Parameters: "Get user with invalid First Name", "Optional[Get User]"</td>
<td><div><pre>java.lang.AssertionError: expected [404] but found [500]
	at org.testng.Assert.fail(Assert.java:110)
	at org.testng.Assert.failNotEquals(Assert.java:1577)
	at org.testng.Assert.assertEqualsImpl(Assert.java:149)
	at org.testng.Assert.assertEquals(Assert.java:131)
	at org.testng.Assert.assertEquals(Assert.java:1418)
	at org.testng.Assert.assertEquals(Assert.java:1382)
	at org.testng.Assert.assertEquals(Assert.java:1428)
	at stepDefinitions.getUserByIDSteps.the_response_status_code_should_be_not_found(getUserByIDSteps.java:102)
	at ✽.The response status code should be 404 Not Found(file:///C:/Users/manal_/git/UserAPIOct24/UserAPIProject/src/test/resources/features/03GetUser.feature:47)
</pre></div><a href='#' onClick='toggleBox("stack-trace111105514", this, "Click to show all stack frames", "Click to hide stack frames")'>Click to show all stack frames</a>
<div class='stack-trace' id='stack-trace111105514'><pre>java.lang.AssertionError: expected [404] but found [500]
	at org.testng.Assert.fail(Assert.java:110)
	at org.testng.Assert.failNotEquals(Assert.java:1577)
	at org.testng.Assert.assertEqualsImpl(Assert.java:149)
	at org.testng.Assert.assertEquals(Assert.java:131)
	at org.testng.Assert.assertEquals(Assert.java:1418)
	at org.testng.Assert.assertEquals(Assert.java:1382)
	at org.testng.Assert.assertEquals(Assert.java:1428)
	at stepDefinitions.getUserByIDSteps.the_response_status_code_should_be_not_found(getUserByIDSteps.java:102)
	at ✽.The response status code should be 404 Not Found(file:///C:/Users/manal_/git/UserAPIOct24/UserAPIProject/src/test/resources/features/03GetUser.feature:47)
</pre></div></td>
<td>0</td>
<td>runner.TestRunner@7ee8290b</td></tr>
<tr>
<td title='runner.TestRunner.runScenario()'><b>runScenario</b><br>Test class: runner.TestRunner<br>Test method: Runs Cucumber Scenarios<br>Parameters: "Create user with only mandatory valid details", "Optional[Add User]"</td>
<td><div><pre>java.lang.AssertionError: expected [201] but found [500]
	at org.testng.Assert.fail(Assert.java:110)
	at org.testng.Assert.failNotEquals(Assert.java:1577)
	at org.testng.Assert.assertEqualsImpl(Assert.java:149)
	at org.testng.Assert.assertEquals(Assert.java:131)
	at org.testng.Assert.assertEquals(Assert.java:1418)
	at org.testng.Assert.assertEquals(Assert.java:1382)
	at org.testng.Assert.assertEquals(Assert.java:1428)
	at stepDefinitions.createUserSteps.userShouldReceiveAValidResponse(createUserSteps.java:40)
	at ✽.The response status code should be 201 Created(file:///C:/Users/manal_/git/UserAPIOct24/UserAPIProject/src/test/resources/features/01CreateUser.feature:21)
</pre></div><a href='#' onClick='toggleBox("stack-trace1583625218", this, "Click to show all stack frames", "Click to hide stack frames")'>Click to show all stack frames</a>
<div class='stack-trace' id='stack-trace1583625218'><pre>java.lang.AssertionError: expected [201] but found [500]
	at org.testng.Assert.fail(Assert.java:110)
	at org.testng.Assert.failNotEquals(Assert.java:1577)
	at org.testng.Assert.assertEqualsImpl(Assert.java:149)
	at org.testng.Assert.assertEquals(Assert.java:131)
	at org.testng.Assert.assertEquals(Assert.java:1418)
	at org.testng.Assert.assertEquals(Assert.java:1382)
	at org.testng.Assert.assertEquals(Assert.java:1428)
	at stepDefinitions.createUserSteps.userShouldReceiveAValidResponse(createUserSteps.java:40)
	at ✽.The response status code should be 201 Created(file:///C:/Users/manal_/git/UserAPIOct24/UserAPIProject/src/test/resources/features/01CreateUser.feature:21)
</pre></div></td>
<td>0</td>
<td>runner.TestRunner@7ee8290b</td></tr>
<tr>
<td title='runner.TestRunner.runScenario()'><b>runScenario</b><br>Test class: runner.TestRunner<br>Test method: Runs Cucumber Scenarios<br>Parameters: "Create user with all valid details", "Optional[Add User]"</td>
<td><div><pre>java.lang.AssertionError: expected [201] but found [400]
	at org.testng.Assert.fail(Assert.java:110)
	at org.testng.Assert.failNotEquals(Assert.java:1577)
	at org.testng.Assert.assertEqualsImpl(Assert.java:149)
	at org.testng.Assert.assertEquals(Assert.java:131)
	at org.testng.Assert.assertEquals(Assert.java:1418)
	at org.testng.Assert.assertEquals(Assert.java:1382)
	at org.testng.Assert.assertEquals(Assert.java:1428)
	at stepDefinitions.createUserSteps.userShouldReceiveAValidResponse(createUserSteps.java:40)
	at ✽.The response status code should be 201 Created(file:///C:/Users/manal_/git/UserAPIOct24/UserAPIProject/src/test/resources/features/01CreateUser.feature:8)
</pre></div><a href='#' onClick='toggleBox("stack-trace1059487259", this, "Click to show all stack frames", "Click to hide stack frames")'>Click to show all stack frames</a>
<div class='stack-trace' id='stack-trace1059487259'><pre>java.lang.AssertionError: expected [201] but found [400]
	at org.testng.Assert.fail(Assert.java:110)
	at org.testng.Assert.failNotEquals(Assert.java:1577)
	at org.testng.Assert.assertEqualsImpl(Assert.java:149)
	at org.testng.Assert.assertEquals(Assert.java:131)
	at org.testng.Assert.assertEquals(Assert.java:1418)
	at org.testng.Assert.assertEquals(Assert.java:1382)
	at org.testng.Assert.assertEquals(Assert.java:1428)
	at stepDefinitions.createUserSteps.userShouldReceiveAValidResponse(createUserSteps.java:40)
	at ✽.The response status code should be 201 Created(file:///C:/Users/manal_/git/UserAPIOct24/UserAPIProject/src/test/resources/features/01CreateUser.feature:8)
</pre></div></td>
<td>0</td>
<td>runner.TestRunner@7ee8290b</td></tr>
<tr>
<td title='runner.TestRunner.runScenario()'><b>runScenario</b><br>Test class: runner.TestRunner<br>Test method: Runs Cucumber Scenarios<br>Parameters: "Delete user by invalid ID with valid endpoint", "Optional[Delete User]"</td>
<td><div><pre>java.lang.AssertionError: expected [400] but found [500]
	at org.testng.Assert.fail(Assert.java:110)
	at org.testng.Assert.failNotEquals(Assert.java:1577)
	at org.testng.Assert.assertEqualsImpl(Assert.java:149)
	at org.testng.Assert.assertEquals(Assert.java:131)
	at org.testng.Assert.assertEquals(Assert.java:1418)
	at org.testng.Assert.assertEquals(Assert.java:1382)
	at org.testng.Assert.assertEquals(Assert.java:1428)
	at stepDefinitions.deleteUserByIDSteps.user_Notdeleted_status(deleteUserByIDSteps.java:53)
	at ✽.The status code should be 400 Bad Request(file:///C:/Users/manal_/git/UserAPIOct24/UserAPIProject/src/test/resources/features/04DeleteUser.feature:18)
</pre></div><a href='#' onClick='toggleBox("stack-trace969489142", this, "Click to show all stack frames", "Click to hide stack frames")'>Click to show all stack frames</a>
<div class='stack-trace' id='stack-trace969489142'><pre>java.lang.AssertionError: expected [400] but found [500]
	at org.testng.Assert.fail(Assert.java:110)
	at org.testng.Assert.failNotEquals(Assert.java:1577)
	at org.testng.Assert.assertEqualsImpl(Assert.java:149)
	at org.testng.Assert.assertEquals(Assert.java:131)
	at org.testng.Assert.assertEquals(Assert.java:1418)
	at org.testng.Assert.assertEquals(Assert.java:1382)
	at org.testng.Assert.assertEquals(Assert.java:1428)
	at stepDefinitions.deleteUserByIDSteps.user_Notdeleted_status(deleteUserByIDSteps.java:53)
	at ✽.The status code should be 400 Bad Request(file:///C:/Users/manal_/git/UserAPIOct24/UserAPIProject/src/test/resources/features/04DeleteUser.feature:18)
</pre></div></td>
<td>0</td>
<td>runner.TestRunner@7ee8290b</td></tr>
</table><p>
<table width='100%' border='1' class='invocation-passed'>
<tr><td colspan='4' align='center'><b>PASSED TESTS</b></td></tr>
<tr><td><b>Test method</b></td>
<td><b>Attribute(s)</b></td>
<td width="30%"><b>Exception</b></td>
<td width="10%"><b>Time (seconds)</b></td>
<td><b>Instance</b></td>
</tr>
<tr>
<td title='runner.TestRunner.runScenario()'><b>runScenario</b><br>Test class: runner.TestRunner<br>Test method: Runs Cucumber Scenarios<br>Parameters: "Get user with User ID", "Optional[Get User]"</td>
<td></td>
<td>0</td>
<td>runner.TestRunner@7ee8290b</td></tr>
<tr>
<td title='runner.TestRunner.runScenario()'><b>runScenario</b><br>Test class: runner.TestRunner<br>Test method: Runs Cucumber Scenarios<br>Parameters: "Get user with First Name", "Optional[Get User]"</td>
<td></td>
<td>0</td>
<td>runner.TestRunner@7ee8290b</td></tr>
<tr>
<td title='runner.TestRunner.runScenario()'><b>runScenario</b><br>Test class: runner.TestRunner<br>Test method: Runs Cucumber Scenarios<br>Parameters: "Delete user by FirstName with valid endpoint", "Optional[Delete User]"</td>
<td></td>
<td>0</td>
<td>runner.TestRunner@7ee8290b</td></tr>
<tr>
<td title='runner.TestRunner.runScenario()'><b>runScenario</b><br>Test class: runner.TestRunner<br>Test method: Runs Cucumber Scenarios<br>Parameters: "Update user email by using user ID", "Optional[Update User]"</td>
<td></td>
<td>0</td>
<td>runner.TestRunner@7ee8290b</td></tr>
<tr>
<td title='runner.TestRunner.runScenario()'><b>runScenario</b><br>Test class: runner.TestRunner<br>Test method: Runs Cucumber Scenarios<br>Parameters: "Delete user by non existing ID with valid endpoint", "Optional[Delete User]"</td>
<td></td>
<td>0</td>
<td>runner.TestRunner@7ee8290b</td></tr>
<tr>
<td title='runner.TestRunner.runScenario()'><b>runScenario</b><br>Test class: runner.TestRunner<br>Test method: Runs Cucumber Scenarios<br>Parameters: "Create user with No Auth", "Optional[Add User]"</td>
<td></td>
<td>0</td>
<td>runner.TestRunner@7ee8290b</td></tr>
<tr>
<td title='runner.TestRunner.runScenario()'><b>runScenario</b><br>Test class: runner.TestRunner<br>Test method: Runs Cucumber Scenarios<br>Parameters: "Get user with invalid User ID", "Optional[Get User]"</td>
<td></td>
<td>0</td>
<td>runner.TestRunner@7ee8290b</td></tr>
<tr>
<td title='runner.TestRunner.runScenario()'><b>runScenario</b><br>Test class: runner.TestRunner<br>Test method: Runs Cucumber Scenarios<br>Parameters: "Create user with invalid endpoint", "Optional[Add User]"</td>
<td></td>
<td>0</td>
<td>runner.TestRunner@7ee8290b</td></tr>
<tr>
<td title='runner.TestRunner.runScenario()'><b>runScenario</b><br>Test class: runner.TestRunner<br>Test method: Runs Cucumber Scenarios<br>Parameters: "Update user by user ID without Authorization", "Optional[Update User]"</td>
<td></td>
<td>0</td>
<td>runner.TestRunner@7ee8290b</td></tr>
<tr>
<td title='runner.TestRunner.runScenario()'><b>runScenario</b><br>Test class: runner.TestRunner<br>Test method: Runs Cucumber Scenarios<br>Parameters: "Create user with all valid details", "Optional[Add User]"</td>
<td></td>
<td>0</td>
<td>runner.TestRunner@7ee8290b</td></tr>
<tr>
<td title='runner.TestRunner.runScenario()'><b>runScenario</b><br>Test class: runner.TestRunner<br>Test method: Runs Cucumber Scenarios<br>Parameters: "Get all users with valid endpoint", "Optional[Get User]"</td>
<td></td>
<td>1</td>
<td>runner.TestRunner@7ee8290b</td></tr>
<tr>
<td title='runner.TestRunner.runScenario()'><b>runScenario</b><br>Test class: runner.TestRunner<br>Test method: Runs Cucumber Scenarios<br>Parameters: "Delete user by invalid ID with valid endpoint", "Optional[Delete User]"</td>
<td></td>
<td>0</td>
<td>runner.TestRunner@7ee8290b</td></tr>
<tr>
<td title='runner.TestRunner.runScenario()'><b>runScenario</b><br>Test class: runner.TestRunner<br>Test method: Runs Cucumber Scenarios<br>Parameters: "Get user with invalid User ID", "Optional[Get User]"</td>
<td></td>
<td>0</td>
<td>runner.TestRunner@7ee8290b</td></tr>
<tr>
<td title='runner.TestRunner.runScenario()'><b>runScenario</b><br>Test class: runner.TestRunner<br>Test method: Runs Cucumber Scenarios<br>Parameters: "Update user email by using user ID", "Optional[Update User]"</td>
<td></td>
<td>0</td>
<td>runner.TestRunner@7ee8290b</td></tr>
<tr>
<td title='runner.TestRunner.runScenario()'><b>runScenario</b><br>Test class: runner.TestRunner<br>Test method: Runs Cucumber Scenarios<br>Parameters: "Get user with User ID", "Optional[Get User]"</td>
<td></td>
<td>0</td>
<td>runner.TestRunner@7ee8290b</td></tr>
<tr>
<td title='runner.TestRunner.runScenario()'><b>runScenario</b><br>Test class: runner.TestRunner<br>Test method: Runs Cucumber Scenarios<br>Parameters: "Create user with all valid details", "Optional[Add User]"</td>
<td></td>
<td>4</td>
<td>runner.TestRunner@7ee8290b</td></tr>
<tr>
<td title='runner.TestRunner.runScenario()'><b>runScenario</b><br>Test class: runner.TestRunner<br>Test method: Runs Cucumber Scenarios<br>Parameters: "Create user with invalid details", "Optional[Add User]"</td>
<td></td>
<td>0</td>
<td>runner.TestRunner@7ee8290b</td></tr>
<tr>
<td title='runner.TestRunner.runScenario()'><b>runScenario</b><br>Test class: runner.TestRunner<br>Test method: Runs Cucumber Scenarios<br>Parameters: "Create user with invalid details", "Optional[Add User]"</td>
<td></td>
<td>0</td>
<td>runner.TestRunner@7ee8290b</td></tr>
<tr>
<td title='runner.TestRunner.runScenario()'><b>runScenario</b><br>Test class: runner.TestRunner<br>Test method: Runs Cucumber Scenarios<br>Parameters: "Create user with invalid details", "Optional[Add User]"</td>
<td></td>
<td>0</td>
<td>runner.TestRunner@7ee8290b</td></tr>
<tr>
<td title='runner.TestRunner.runScenario()'><b>runScenario</b><br>Test class: runner.TestRunner<br>Test method: Runs Cucumber Scenarios<br>Parameters: "Get user with invalid First Name", "Optional[Get User]"</td>
<td></td>
<td>0</td>
<td>runner.TestRunner@7ee8290b</td></tr>
<tr>
<td title='runner.TestRunner.runScenario()'><b>runScenario</b><br>Test class: runner.TestRunner<br>Test method: Runs Cucumber Scenarios<br>Parameters: "Delete user by ID with valid endpoint", "Optional[Delete User]"</td>
<td></td>
<td>0</td>
<td>runner.TestRunner@7ee8290b</td></tr>
<tr>
<td title='runner.TestRunner.runScenario()'><b>runScenario</b><br>Test class: runner.TestRunner<br>Test method: Runs Cucumber Scenarios<br>Parameters: "Create user with invalid details", "Optional[Add User]"</td>
<td></td>
<td>0</td>
<td>runner.TestRunner@7ee8290b</td></tr>
</table><p>
</body>
</html>